"../../../../Project/MYpro2/Content/TopDownBP/TopDownOverview.uasset" 0
"../../../../Project/MYpro2/Content/Geometry/Meshes/CubeMaterial.uasset" 1
"../../../../Project/MYpro2/Content/Geometry/Meshes/TemplateFloor.uasset" 2
"../../../../Project/MYpro2/Content/Mannequin/Character/Mesh/SK_Mannequin_PhysicsAsset.uasset" 3
"../../../../Project/MYpro2/Content/Mannequin/Character/Mesh/SK_Mannequin_Skeleton.uasset" 4
"../../../../Project/MYpro2/Content/Mannequin/Animations/ThirdPerson_Jump.uasset" 5
"../../../../Project/MYpro2/Content/MobileStarterContent/Textures/T_CobbleStone_Pebble_M.uasset" 6
"../../../../Project/MYpro2/Content/MobileStarterContent/Textures/T_Detail_Rocky_N.uasset" 7
"../../../../Project/MYpro2/Content/MobileStarterContent/Textures/T_Perlin_Noise_M.uasset" 8
"../../../../Project/MYpro2/Content/MobileStarterContent/Textures/T_Rock_Smooth_Granite_D.uasset" 9
"../../../../Project/MYpro2/Content/MobileStarterContent/Textures/T_Concrete_Tiles_Variation_M.uasset" 10
"../../../../Project/MYpro2/Content/MobileStarterContent/Textures/T_Gradinet_01.uasset" 11
"../../../../Project/MYpro2/Content/MobileStarterContent/Textures/T_Bush_D.uasset" 12
"../../../../Project/MYpro2/Content/MobileStarterContent/Textures/T_Bush_N.uasset" 13
"../../../../Project/MYpro2/Content/MobileStarterContent/Props/Materials/M_Bush.uasset" 14
"../../../../Project/MYpro2/Content/MobileStarterContent/Props/SM_Bush.uasset" 15
"../../../../Project/MYpro2/Content/MobileStarterContent/Textures/T_Chair_M.uasset" 16
"../../../../Project/MYpro2/Content/MobileStarterContent/Textures/T_Chair_N.uasset" 17
"../../../../Project/MYpro2/Content/MobileStarterContent/Props/Materials/M_Chair.uasset" 18
"../../../../Project/MYpro2/Content/MobileStarterContent/Props/SM_Couch.uasset" 19
"../../../../Project/MYpro2/Content/MobileStarterContent/Props/Materials/M_MaterialSphere.uasset" 20
"../../../../Project/MYpro2/Content/MobileStarterContent/Props/Materials/M_MaterialSphere_Plain.uasset" 21
"../../../../Project/MYpro2/Content/MobileStarterContent/Props/SM_MatPreviewMesh_02.uasset" 22
"../../../../Project/MYpro2/Content/MobileStarterContent/Materials/M_Glass.uasset" 23
"../../../../Project/MYpro2/Content/MobileStarterContent/Textures/T_Door_M.uasset" 24
"../../../../Project/MYpro2/Content/MobileStarterContent/Textures/T_Door_N.uasset" 25
"../../../../Project/MYpro2/Content/MobileStarterContent/Props/Materials/M_Door.uasset" 26
"../../../../Project/MYpro2/Content/MobileStarterContent/Props/SM_Door.uasset" 27
"../../../../Project/MYpro2/Content/MobileStarterContent/Textures/T_Rock_Basalt_D.uasset" 28
"../../../../Project/MYpro2/Content/MobileStarterContent/Textures/T_RockMesh_M.uasset" 29
"../../../../Project/MYpro2/Content/MobileStarterContent/Textures/T_RockMesh_N.uasset" 30
"../../../../Project/MYpro2/Content/MobileStarterContent/Props/Materials/M_Rock.uasset" 31
"../../../../Project/MYpro2/Content/MobileStarterContent/Props/SM_Rock.uasset" 32
"../../../../Project/MYpro2/Content/MobileStarterContent/Textures/T_Shelf_M.uasset" 33
"../../../../Project/MYpro2/Content/MobileStarterContent/Textures/T_Shelf_N.uasset" 34
"../../../../Project/MYpro2/Content/MobileStarterContent/Props/Materials/M_Shelf.uasset" 35
"../../../../Project/MYpro2/Content/MobileStarterContent/Props/SM_Shelf.uasset" 36
"../../../../Project/MYpro2/Content/MobileStarterContent/Props/SM_Stairs.uasset" 37
"../../../../Project/MYpro2/Content/MobileStarterContent/Audio/Light01.uasset" 38
"../../../../Project/MYpro2/Content/MobileStarterContent/Audio/Light01_Cue.uasset" 39
"../../../../Project/MYpro2/Content/MobileStarterContent/Audio/Light02.uasset" 40
"../../../../Project/MYpro2/Content/MobileStarterContent/Audio/Light02_Cue.uasset" 41
"../../../../Project/MYpro2/Content/MobileStarterContent/Audio/Steam01.uasset" 42
"../../../../Project/MYpro2/Content/MobileStarterContent/Audio/Steam01_Cue.uasset" 43
"../../../../Project/MYpro2/Content/MobileStarterContent/Materials/M_Basic_Wall.uasset" 44
"../../../../Project/MYpro2/Content/MobileStarterContent/Shapes/Shape_Torus.uasset" 45
"../../../../Project/MYpro2/Content/MobileStarterContent/Shapes/Shape_Trim.uasset" 46
"../../../../Project/MYpro2/Content/MobileStarterContent/Shapes/Shape_Trim_90_In.uasset" 47
"../../../../Project/MYpro2/Content/MobileStarterContent/Shapes/Shape_Trim_90_Out.uasset" 48
"../../../../Project/MYpro2/Content/MobileStarterContent/Shapes/Shape_TriPyramid.uasset" 49
"../../../../Project/MYpro2/Content/MobileStarterContent/Shapes/Shape_Tube.uasset" 50
"../../../../Project/MYpro2/Content/MobileStarterContent/Shapes/Shape_Wedge_A.uasset" 51
"../../../../Project/MYpro2/Content/MobileStarterContent/Shapes/Shape_WideCapsule.uasset" 52
"../../../../Project/MYpro2/Content/MobileStarterContent/Shapes/Shape_Cone.uasset" 53
"../../../../Project/MYpro2/Content/MobileStarterContent/Shapes/Shape_Cylinder.uasset" 54
"../../../../Project/MYpro2/Content/MobileStarterContent/Shapes/Shape_Pipe.uasset" 55
"../../../../Project/MYpro2/Content/MobileStarterContent/Shapes/Shape_NarrowCapsule.uasset" 56
"../../../../Project/MYpro2/Content/MobileStarterContent/Shapes/Shape_Pipe_180.uasset" 57
"../../../../Project/MYpro2/Content/MobileStarterContent/Shapes/Shape_Pipe_90.uasset" 58
"../../../../Project/MYpro2/Content/MobileStarterContent/Shapes/Shape_Plane.uasset" 59
"../../../../Project/MYpro2/Content/MobileStarterContent/Shapes/Shape_Wedge_B.uasset" 60
"../../../../Project/MYpro2/Content/MobileStarterContent/Architecture/Pillar_50x500.uasset" 61
"../../../../Project/MYpro2/Content/MobileStarterContent/Architecture/Wall_400x300.uasset" 62
"../../../../Project/MYpro2/Content/MobileStarterContent/Architecture/Wall_400x400.uasset" 63
"../../../../Project/MYpro2/Content/MobileStarterContent/Architecture/Wall_500x500.uasset" 64
"../../../../Project/MYpro2/Content/MobileStarterContent/Architecture/Wall_Door_400x400.uasset" 65
"../../../../Project/MYpro2/Content/MobileStarterContent/Architecture/Wall_Window_400x400.uasset" 66
"../../../../Project/MYpro2/Content/MobileStarterContent/Audio/Explosion01.uasset" 67
"../../../../Project/MYpro2/Content/MobileStarterContent/Audio/Explosion02.uasset" 68
"../../../../Project/MYpro2/Content/MobileStarterContent/Audio/Explosion_Cue.uasset" 69
"../../../../Project/MYpro2/Content/MobileStarterContent/Textures/T_Burst_M.uasset" 70
"../../../../Project/MYpro2/Content/MobileStarterContent/Particles/Materials/M_Burst.uasset" 71
"../../../../Project/MYpro2/Content/MobileStarterContent/Textures/T_Explosion_SubUV.uasset" 72
"../../../../Project/MYpro2/Content/MobileStarterContent/Particles/Materials/M_explosion_subUV.uasset" 73
"../../../../Project/MYpro2/Content/MobileStarterContent/Particles/Materials/m_flare_01.uasset" 74
"../../../Engine/Content/Functions/Engine_MaterialFunctions01/Gradient/RadialGradient.uasset" 75
"../../../../Project/MYpro2/Content/MobileStarterContent/Particles/Materials/M_radial_ramp.uasset" 76
"../../../../Project/MYpro2/Content/MobileStarterContent/Textures/T_Smoke_SubUV.uasset" 77
"../../../../Project/MYpro2/Content/MobileStarterContent/Textures/T_Smoke_Tiled_D.uasset" 78
"../../../../Project/MYpro2/Content/MobileStarterContent/Particles/Materials/M_smoke_subUV.uasset" 79
"../../../../Project/MYpro2/Content/MobileStarterContent/Particles/P_Explosion.uasset" 80
"../../../../Project/MYpro2/Content/MobileStarterContent/Blueprints/Blueprint_Effect_Explosion.uasset" 81
"../../../Engine/Content/Functions/Engine_MaterialFunctions01/Shading/ConvertFromDiffSpec.uasset" 82
"../../../Engine/Content/Functions/Engine_MaterialFunctions01/Shading/PowerToRoughness.uasset" 83
"../../../Engine/Content/VREditor/LaserPointer/VR_LaserPower_01.uasset" 84
"../../../Engine/Content/VREditor/TransformGizmo/TransformGizmoMaterial.uasset" 85
"../../../Engine/Content/VREditor/TransformGizmo/TranslucentTransformGizmoMaterial.uasset" 86
"../../../Engine/Content/VREditor/TransformGizmo/PlaneTranslationHandle.uasset" 87
"../../../Engine/Content/VREditor/TransformGizmo/Main.uasset" 88
"../../../Engine/Content/VREditor/TransformGizmo/Xray.uasset" 89
"../../../Engine/Content/VREditor/TransformGizmo/SM_Sequencer_Node.uasset" 90
"../../../Engine/Content/VREditor/TransformGizmo/SM_Sequencer_Key.uasset" 91
"../../../Engine/Content/VREditor/TransformGizmo/BoundingBoxCorner.uasset" 92
"../../../Engine/Content/VREditor/TransformGizmo/BoundingBoxEdge.uasset" 93
"../../../Engine/Content/Tutorial/ContentIntroCurve.uasset" 94
"../../../Engine/Content/Tutorial/Basics/LevelEditorAttract.uasset" 95
"../../../Engine/Content/Tutorial/Basics/TutorialAssets/icon_tab_Levels_40x.uasset" 96
"../../../Engine/Content/Tutorial/Basics/LevelEditorOverview.uasset" 97
"../../../Engine/Content/EngineMaterials/DefaultPhysicalMaterial.uasset" 98
"../../../Engine/Content/EngineMaterials/MiniFont.uasset" 99
"../../../Engine/Content/EngineMaterials/GizmoMaterial.uasset" 100
"../../../Engine/Content/EngineMaterials/BlueNoise.uasset" 101
"../../../Engine/Content/EngineMaterials/DefaultDiffuse.uasset" 102
"../../../Engine/Content/EngineMaterials/DefaultDeferredDecalMaterial.uasset" 103
"../../../Engine/Content/EngineMaterials/DefaultBloomKernel.uasset" 104
"../../../Engine/Content/EngineMaterials/DefaultBokeh.uasset" 105
"../../../Engine/Content/EngineMaterials/DefaultLightFunctionMaterial.uasset" 106
"../../../Engine/Content/Functions/Engine_MaterialFunctions02/Utility/BreakOutFloat2Components.uasset" 107
"../../../Engine/Content/EngineMaterials/DefaultPostProcessMaterial.uasset" 108
"../../../Engine/Content/EngineFonts/RobotoDistanceField.uasset" 109
"../../../Engine/Content/EngineMaterials/DefaultTextMaterialOpaque.uasset" 110
"../../../Engine/Content/EngineMaterials/DefaultWhiteGrid.uasset" 111
"../../../Engine/Content/EngineMaterials/Good64x64TilingNoiseHighFreq.uasset" 112
"../../../Engine/Content/EngineMaterials/BaseFlattenDiffuseMap.uasset" 113
"../../../Engine/Content/EngineMaterials/BaseFlattenEmissiveMap.uasset" 114
"../../../Engine/Content/EngineMaterials/BaseFlattenGrayscaleMap.uasset" 115
"../../../Engine/Content/EngineMaterials/BaseFlattenNormalMap.uasset" 116
"../../../Engine/Content/EngineMaterials/BaseFlattenMaterial.uasset" 117
"../../../Engine/Content/Functions/Engine_MaterialFunctions02/WorldPositionOffset/CameraOffset.uasset" 118
"../../../Engine/Content/EngineMaterials/PhAT_JointLimitMaterial.uasset" 119
"../../../Engine/Content/EngineResources/WhiteSquareTexture.uasset" 120
"../../../Engine/Content/EngineMaterials/Widget3DPassThrough.uasset" 121
"../../../Engine/Content/EngineMaterials/Widget3DPassThrough_Masked.uasset" 122
"../../../Engine/Content/EngineMaterials/Widget3DPassThrough_Opaque.uasset" 123
"../../../Engine/Content/EngineMaterials/Widget3DPassThrough_Masked_OneSided.uasset" 124
"../../../Engine/Content/EngineMaterials/Widget3DPassThrough_Opaque_OneSided.uasset" 125
"../../../Engine/Content/EngineMaterials/Widget3DPassThrough_Translucent.uasset" 126
"../../../Engine/Content/EngineMaterials/Widget3DPassThrough_Translucent_OneSided.uasset" 127
"../../../Engine/Content/EngineMaterials/DefaultWhiteGrid_Low.uasset" 128
"../../../Engine/Content/EngineMaterials/EmissiveMeshMaterial.uasset" 129
"../../../Engine/Content/EngineMaterials/InvalidLightmapSettings.uasset" 130
"../../../Engine/Content/EngineMaterials/M_InvalidLightmapSettings.uasset" 131
"../../../Engine/Content/EngineMaterials/PreintegratedSkinBRDF.uasset" 132
"../../../Engine/Content/EngineMaterials/RemoveSurfaceMaterial.uasset" 133
"../../../Engine/Content/EngineMaterials/WeightMapPlaceholderTexture.uasset" 134
"../../../Engine/Content/MobileResources/T_MobileControls_texture.uasset" 135
"../../../Engine/Content/MobileResources/T_MobileMenu2.uasset" 136
"../../../Engine/Content/MobileResources/HUD/MobileHUDButtonFire.uasset" 137
"../../../Engine/Content/MobileResources/HUD/T_Castle_ThumbstickOutter.uasset" 138
"../../../Engine/Content/MobileResources/HUD/AnalogHat.uasset" 139
"../../../Engine/Content/MobileResources/HUD/MobileHUDButton3.uasset" 140
"../../../Engine/Content/MobileResources/HUD/MobileHUDDirectionPad.uasset" 141
"../../../Engine/Content/MobileResources/HUD/MobileHUDDirectionPad3.uasset" 142
"../../../Engine/Content/MobileResources/HUD/MobileHUDDirectionStick.uasset" 143
"../../../Engine/Content/MobileResources/HUD/VirtualJoystick_Background.uasset" 144
"../../../Engine/Content/MobileResources/HUD/VirtualJoystick_Thumb.uasset" 145
"../../../Engine/Content/MobileResources/HUD/DefaultVirtualJoysticks.uasset" 146
"../../../Engine/Content/MobileResources/HUD/LeftVirtualJoystickOnly.uasset" 147
"../../../Engine/Content/MobileResources/HUD/MobileHUDButton1_on.uasset" 148
"../../../Engine/Content/MobileResources/HUD/MobileHUDButton2_off.uasset" 149
"../../../Engine/Content/MobileResources/HUD/MobileHUDButton2_on.uasset" 150
"../../../Engine/Content/MobileResources/HUD/MobileHUDDirectionPad2.uasset" 151
"../../../Engine/Content/MobileResources/HUD/MobileHUDButton1_off.uasset" 152
"../../../Engine/Content/MobileResources/HUD/T_Castle_ThumbstickInner.uasset" 153
"../../../Engine/Content/Functions/Engine_MaterialFunctions01/Opacity/CameraDepthFade.uasset" 154
"../../../Engine/Content/EngineMaterials/T_Default_Material_Grid_M.uasset" 155
"../../../Engine/Content/EngineMaterials/T_Default_Material_Grid_N.uasset" 156
"../../../Engine/Content/EngineMaterials/WorldGridMaterial.uasset" 157
"../../../Engine/Content/ArtTools/RenderToTexture/Meshes/S_1_Unit_Plane.uasset" 158
"../../../Engine/Content/EditorMaterials/MAT_Groups_Toggle.uasset" 159
"../../../Engine/Content/EditorMaterials/MAT_Groups_Visibility.uasset" 160
"../../../Engine/Content/EditorMaterials/PreviewShadowIndicator.uasset" 161
"../../../Engine/Content/EditorMaterials/PreviewShadowIndicatorMaterial.uasset" 162
"../../../Engine/Content/EditorMaterials/MatineeGroups/MAT_ColorTrack.uasset" 163
"../../../Engine/Content/EditorMaterials/MatineeGroups/MAT_Groups_Anim.uasset" 164
"../../../Engine/Content/EditorMaterials/MatineeGroups/MAT_Groups_AudioMaster.uasset" 165
"../../../Engine/Content/EditorMaterials/MatineeGroups/MAT_Groups_Director.uasset" 166
"../../../Engine/Content/EditorMaterials/MatineeGroups/MAT_Groups_Event.uasset" 167
"../../../Engine/Content/EditorMaterials/MatineeGroups/MAT_Groups_Fade.uasset" 168
"../../../Engine/Content/EditorMaterials/MatineeGroups/MAT_Groups_Float.uasset" 169
"../../../Engine/Content/EditorMaterials/MatineeGroups/MAT_Groups_Move.uasset" 170
"../../../Engine/Content/EditorMaterials/MatineeGroups/MAT_Groups_Slomo.uasset" 171
"../../../Engine/Content/EditorMaterials/MatineeGroups/MAT_Groups_Sound.uasset" 172
"../../../Engine/Content/EditorMaterials/MatineeGroups/MAT_Groups_Vector.uasset" 173
"../../../Engine/Content/EditorMaterials/ParticleSystems/PSysThumbnail_NoImage.uasset" 174
"../../../Engine/Content/EditorMaterials/ParticleSystems/PSysThumbnail_OOD.uasset" 175
"../../../Engine/Content/EngineSounds/Master.uasset" 176
"../../../Engine/Content/Animation/DefaultAnimBoneCompressionSettings.uasset" 177
"../../../Engine/Content/Animation/DefaultAnimCurveCompressionSettings.uasset" 178
"../../../Engine/Content/EngineMaterials/DefaultMaterial.uasset" 179
"../../../Engine/Content/EngineMeshes/Cylinder.uasset" 180
"../../../Engine/Content/EngineMeshes/Sphere.uasset" 181
"../../../Engine/Content/EditorSounds/Notifications/CompileFailed.uasset" 182
"../../../Engine/Content/EditorSounds/Notifications/CompileFailed_Cue.uasset" 183
"../../../Engine/Content/EditorSounds/Notifications/CompileSuccess.uasset" 184
"../../../Engine/Content/EditorSounds/Notifications/CompileStart_Cue.uasset" 185
"../../../Engine/Content/EditorSounds/Notifications/CompileSuccess_Cue.uasset" 186
"../../../Engine/Content/EngineDebugMaterials/DebugMeshMaterial.uasset" 187
"../../../Engine/Content/EngineDebugMaterials/M_SimpleUnlitTranslucent.uasset" 188
"../../../Engine/Content/Functions/Engine_MaterialFunctions02/Utility/CameraDirectionVector.uasset" 189
"../../../Engine/Content/EngineDebugMaterials/VolumeToRender.uasset" 190
"../../../Engine/Content/EngineDebugMaterials/M_VolumeRenderSphereTracePP.uasset" 191
"../../../Engine/Content/EngineDebugMaterials/WireframeMaterial.uasset" 192
"../../../Engine/Content/EngineDebugMaterials/DebugEditorMaterial.uasset" 193
"../../../Engine/Content/EditorMaterials/Camera/CineMat.uasset" 194
"../../../Engine/Content/EditorMaterials/Camera/MI_CineMat_Rig.uasset" 195
"../../../Engine/Content/EditorMeshes/Camera/SM_CraneRig_Body.uasset" 196
"../../../Engine/Content/EditorMeshes/Camera/SM_CraneRig_Mount.uasset" 197
"../../../Engine/Content/EditorMeshes/Camera/SM_RailRig_Mount.uasset" 198
"../../../Engine/Content/EditorMeshes/Camera/SM_RailRig_Track.uasset" 199
"../../../Engine/Content/EditorMeshes/Camera/SM_CraneRig_Arm.uasset" 200
"../../../Engine/Content/EditorMeshes/Camera/SM_CraneRig_Base.uasset" 201
"../../../Engine/Content/EditorResources/S_Actor.uasset" 202
"../../../Engine/Content/EditorResources/S_Trigger.uasset" 203
"../../../Engine/Content/EditorResources/EmptyActor.uasset" 204
"../../../Engine/Content/EditorResources/BSPVertex.uasset" 205
"../../../Engine/Content/EditorResources/S_Note.uasset" 206
"../../../Engine/Content/EditorResources/S_Solver.uasset" 207
"../../../Engine/Content/EditorResources/SequenceRecorder/Countdown.uasset" 208
"../../../Engine/Content/EditorResources/SequenceRecorder/RecordingIndicator.uasset" 209
"../../../Engine/Content/EditorResources/AudioIcons/S_AudioComponent_AutoActivate.uasset" 210
"../../../Engine/Content/EditorResources/AudioIcons/S_AudioComponent.uasset" 211
"../../../Engine/Content/EditorResources/LightIcons/S_LightError.uasset" 212
"../../../Engine/Content/EngineResources/DefaultVolumeTexture2D.uasset" 213
"../../../Engine/Content/EngineResources/DefaultVolumeTexture.uasset" 214
"../../../Engine/Content/EngineResources/Black.uasset" 215
"../../../Engine/Content/EngineResources/DefaultTexture.uasset" 216
"../../../Engine/Content/EngineResources/DefaultTextureCube.uasset" 217
"../../../Engine/Content/EngineResources/GradientTexture0.uasset" 218
"../../../Engine/Content/Maps/Templates/Thumbnails/TimeOfDay.uasset" 219
"../../../Engine/Content/Maps/Templates/Thumbnails/Default.uasset" 220
"../../../Engine/Content/Maps/Templates/Thumbnails/VR-Basic.uasset" 221
"../../../Engine/Content/EngineFonts/Faces/DroidSansFallback.uasset" 222
"../../../Engine/Content/EngineFonts/Faces/RobotoBold.uasset" 223
"../../../Engine/Content/EngineFonts/Faces/RobotoBoldItalic.uasset" 224
"../../../Engine/Content/EngineFonts/Faces/RobotoItalic.uasset" 225
"../../../Engine/Content/EngineFonts/Faces/RobotoLight.uasset" 226
"../../../Engine/Content/EngineFonts/Faces/RobotoRegular.uasset" 227
"../../../Engine/Content/EngineFonts/Roboto.uasset" 228
"../../../Engine/Content/EngineDamageTypes/DmgTypeBP_Environmental.uasset" 229
"../../../Engine/Content/EditorLandscapeResources/DataLayer.uasset" 230
"../../../Engine/Content/BasicShapes/Cone.uasset" 231
"../../../Engine/Content/BasicShapes/Sphere.uasset" 232
"../../../Engine/Content/BasicShapes/Cube.uasset" 233
"../../../Engine/Content/BasicShapes/Cylinder.uasset" 234
"../../../Engine/Content/BasicShapes/Plane.uasset" 235
"../../Plugins/2D/Paper2D/Content/PlaceholderTextures/DummySpriteTexture.uasset" 236
"../../Plugins/2D/Paper2D/Content/DummySprite.uasset" 237
"../../Plugins/2D/Paper2D/Content/DefaultPaperTerrainMaterial.uasset" 238
"../../Plugins/2D/Paper2D/Content/DefaultSpriteMaterial.uasset" 239
"../../Plugins/2D/Paper2D/Content/MaskedUnlitSpriteMaterial.uasset" 240
"../../Plugins/2D/Paper2D/Content/OpaqueUnlitSpriteMaterial.uasset" 241
"../../Plugins/FX/Niagara/Content/Enums/ENiagaraBooleanLogicOps.uasset" 242
"../../Plugins/FX/Niagara/Content/Enums/ENiagaraCoordinateSpace.uasset" 243
"../../Plugins/FX/Niagara/Content/Enums/ENiagaraExpansionMode.uasset" 244
"../../Plugins/FX/Niagara/Content/Enums/ENiagaraOrientationAxis.uasset" 245
"../../Plugins/FX/Niagara/Content/Enums/ENiagaraRandomnessMode.uasset" 246
"../../../Engine/Content/Functions/Engine_MaterialFunctions02/Utility/BreakOutFloat4Components.uasset" 247
"../../../Engine/Content/Functions/Engine_MaterialFunctions02/Utility/MakeFloat2.uasset" 248
"../../../Engine/Content/Functions/Engine_MaterialFunctions02/Utility/MakeFloat3.uasset" 249
"../../Plugins/Runtime/Oculus/OculusVR/Content/Materials/OculusMR_ChromaKey.uasset" 250
"../../Plugins/Runtime/Oculus/OculusVR/Content/Materials/OculusMR_ChromaKey_Lit.uasset" 251
"../../Plugins/Runtime/Oculus/OculusVR/Content/Materials/OculusMR_WhiteMaterial.uasset" 252
"../../Plugins/Runtime/Oculus/OculusVR/Content/Materials/OculusMR_OpaqueColoredMaterial.uasset" 253
"../../../../Project/MYpro2/Content/Mannequin/Animations/ThirdPersonJump_End.uasset" 254
"../../../../Project/MYpro2/Content/Mannequin/Animations/ThirdPersonJump_Loop.uasset" 255
"../../../../Project/MYpro2/Content/Mannequin/Animations/ThirdPersonJump_Start.uasset" 256
"../../../../Project/MYpro2/Content/Mannequin/Animations/ThirdPersonIdle.uasset" 257
"../../../../Project/MYpro2/Content/Mannequin/Animations/ThirdPersonRun.uasset" 258
"../../../../Project/MYpro2/Content/Mannequin/Animations/ThirdPersonWalk.uasset" 259
"../../../../Project/MYpro2/Content/Mannequin/Animations/ThirdPerson_IdleRun_2D.uasset" 260
"../../../Engine/Content/EditorBlueprintResources/StandardMacros.uasset" 261
"../../../../Project/MYpro2/Content/Mannequin/Animations/ThirdPerson_AnimBP.uasset" 262
"../../../Engine/Content/Functions/Engine_MaterialFunctions01/Density/ExponentialDensity.uasset" 263
"../../../Engine/Content/Functions/Engine_MaterialFunctions01/Gradient/RadialGradientExponential.uasset" 264
"../../../../Project/MYpro2/Content/TopDownBP/Blueprints/M_Cursor_Decal.uasset" 265
"../../../Engine/Content/Functions/Engine_MaterialFunctions02/Utility/BlendAngleCorrectedNormals.uasset" 266
"../../../Engine/Content/Functions/MaterialLayerFunctions/MatLayerBlend_NormalBlend.uasset" 267
"../../../Engine/Content/Functions/MaterialLayerFunctions/MatLayerBlend_Simple.uasset" 268
"../../../../Project/MYpro2/Content/Mannequin/Character/Materials/MaterialLayers/T_ML_Rubber_Blue_01_D.uasset" 269
"../../../../Project/MYpro2/Content/Mannequin/Character/Materials/MaterialLayers/T_ML_Rubber_Blue_01_N.uasset" 270
"../../../../Project/MYpro2/Content/Mannequin/Character/Materials/MaterialLayers/ML_GlossyBlack_Latex_UE4.uasset" 271
"../../../../Project/MYpro2/Content/Mannequin/Character/Materials/MaterialLayers/ML_Plastic_Shiny_Beige.uasset" 272
"../../../../Project/MYpro2/Content/Mannequin/Character/Textures/UE4_LOGO_CARD.uasset" 273
"../../../../Project/MYpro2/Content/Mannequin/Character/Materials/MaterialLayers/ML_Plastic_Shiny_Beige_LOGO.uasset" 274
"../../../../Project/MYpro2/Content/Mannequin/Character/Materials/MaterialLayers/T_ML_Aluminum01.uasset" 275
"../../../../Project/MYpro2/Content/Mannequin/Character/Materials/MaterialLayers/T_ML_Aluminum01_N.uasset" 276
"../../../../Project/MYpro2/Content/Mannequin/Character/Materials/MaterialLayers/ML_SoftMetal_UE4.uasset" 277
"../../../../Project/MYpro2/Content/Mannequin/Character/Textures/T_UE4_Mannequin_Mobile_M.uasset" 278
"../../../../Project/MYpro2/Content/Mannequin/Character/Textures/T_UE4_Mannequin_Mobile_N.uasset" 279
"../../../../Project/MYpro2/Content/Mannequin/Character/Materials/M_UE4Man_Body.uasset" 280
"../../../../Project/MYpro2/Content/Mannequin/Character/Textures/UE4Man_Logo_N.uasset" 281
"../../../../Project/MYpro2/Content/Mannequin/Character/Materials/M_UE4Man_ChestLogo.uasset" 282
"../../../../Project/MYpro2/Content/Mannequin/Character/Mesh/SK_Mannequin.uasset" 283
"../../../../Project/MYpro2/Content/TopDownBP/Blueprints/TopDownCharacter.uasset" 284
"../../../Engine/Content/EngineSky/C_Sky_Cloud_Color.uasset" 285
"../../../Engine/Content/EngineSky/C_Sky_Horizon_Color.uasset" 286
"../../../Engine/Content/EngineSky/C_Sky_Zenith_Color.uasset" 287
"../../../Engine/Content/EngineSky/T_Sky_Blue.uasset" 288
"../../../Engine/Content/EngineSky/T_Sky_Clouds_M.uasset" 289
"../../../Engine/Content/EngineSky/T_Sky_Stars.uasset" 290
"../../../Engine/Content/EngineSky/M_Sky_Panning_Clouds2.uasset" 291
"../../../Engine/Content/EngineSky/SM_SkySphere.uasset" 292
"../../../Engine/Content/EngineSky/BP_Sky_Sphere.uasset" 293
"../../../../Project/MYpro2/Content/TopDownBP/Blueprints/TopDownController.uasset" 294
"../../../../Project/MYpro2/Content/TopDownBP/Blueprints/TopDownGameMode.uasset" 295
"../../../../Project/MYpro2/Content/TopDownBP/Maps/TopDownExampleMap_BuiltData.uasset" 296
"../../../../Project/MYpro2/Content/Geometry/Meshes/1M_Cube.uasset" 297
"../../../../Project/MYpro2/Content/Geometry/Meshes/1M_Cube_Chamfer.uasset" 298
"../../../../Project/MYpro2/Content/TopDownBP/Maps/TopDownExampleMap.umap" 299
"../../../../Project/MYpro2/Content/MobileStarterContent/Audio/Fire01.uasset" 300
"../../../../Project/MYpro2/Content/MobileStarterContent/Audio/Fire01_Cue.uasset" 301
"../../../../Project/MYpro2/Content/MobileStarterContent/Textures/T_Fire_SubUV.uasset" 302
"../../../../Project/MYpro2/Content/MobileStarterContent/Textures/T_Fire_Tiled_D.uasset" 303
"../../../../Project/MYpro2/Content/MobileStarterContent/Particles/Materials/M_Fire_SubUV.uasset" 304
"../../../../Project/MYpro2/Content/MobileStarterContent/Particles/Materials/M_Radial_Gradient.uasset" 305
"../../../../Project/MYpro2/Content/MobileStarterContent/Particles/P_Fire.uasset" 306
"../../../../Project/MYpro2/Content/MobileStarterContent/Blueprints/Blueprint_Effect_Fire.uasset" 307
"../../../../Project/MYpro2/Content/MobileStarterContent/Audio/Smoke01.uasset" 308
"../../../../Project/MYpro2/Content/MobileStarterContent/Audio/Smoke01_Cue.uasset" 309
"../../../../Project/MYpro2/Content/MobileStarterContent/Particles/P_Smoke.uasset" 310
"../../../../Project/MYpro2/Content/MobileStarterContent/Blueprints/Blueprint_Effect_Smoke.uasset" 311
"../../../../Project/MYpro2/Content/MobileStarterContent/Audio/Fire_Sparks01.uasset" 312
"../../../../Project/MYpro2/Content/MobileStarterContent/Audio/Fire_Sparks01_Cue.uasset" 313
"../../../../Project/MYpro2/Content/MobileStarterContent/Textures/T_Spark_Core.uasset" 314
"../../../../Project/MYpro2/Content/MobileStarterContent/Particles/Materials/M_Spark.uasset" 315
"../../../../Project/MYpro2/Content/MobileStarterContent/Particles/P_Sparks.uasset" 316
"../../../../Project/MYpro2/Content/MobileStarterContent/Blueprints/Blueprint_Effect_Sparks.uasset" 317
"../../../../Project/MYpro2/Content/MobileStarterContent/Textures/T_Lamp_M.uasset" 318
"../../../../Project/MYpro2/Content/MobileStarterContent/Textures/T_Lamp_N.uasset" 319
"../../../../Project/MYpro2/Content/MobileStarterContent/Props/Materials/M_Lamp.uasset" 320
"../../../../Project/MYpro2/Content/MobileStarterContent/Props/SM_Lamp_Ceiling.uasset" 321
"../../../../Project/MYpro2/Content/MobileStarterContent/Blueprints/Blueprint_CeilingLight.uasset" 322
"../../../../Project/MYpro2/Content/MobileStarterContent/Props/SM_Lamp_Wall.uasset" 323
"../../../../Project/MYpro2/Content/MobileStarterContent/Blueprints/Blueprint_WallSconce.uasset" 324
"../../../../Project/MYpro2/Content/MobileStarterContent/Maps/StarterMap_BuiltData.uasset" 325
"../../../../Project/MYpro2/Content/MobileStarterContent/Textures/T_Brick_Clay_Beveled_D.uasset" 326
"../../../../Project/MYpro2/Content/MobileStarterContent/Textures/T_Brick_Clay_Beveled_M.uasset" 327
"../../../../Project/MYpro2/Content/MobileStarterContent/Textures/T_Brick_Clay_Beveled_N.uasset" 328
"../../../../Project/MYpro2/Content/MobileStarterContent/Materials/M_Brick_Clay_Beveled.uasset" 329
"../../../../Project/MYpro2/Content/MobileStarterContent/Textures/T_Brick_Clay_New_D.uasset" 330
"../../../../Project/MYpro2/Content/MobileStarterContent/Textures/T_Brick_Clay_New_M.uasset" 331
"../../../../Project/MYpro2/Content/MobileStarterContent/Textures/T_Brick_Clay_New_N.uasset" 332
"../../../../Project/MYpro2/Content/MobileStarterContent/Materials/M_Brick_Clay_New.uasset" 333
"../../../../Project/MYpro2/Content/MobileStarterContent/Textures/T_Brick_Clay_Old_D.uasset" 334
"../../../../Project/MYpro2/Content/MobileStarterContent/Textures/T_Brick_Clay_Old_N.uasset" 335
"../../../../Project/MYpro2/Content/MobileStarterContent/Materials/M_Brick_Clay_Old.uasset" 336
"../../../../Project/MYpro2/Content/MobileStarterContent/Textures/T_Brick_Cut_Stone_D.uasset" 337
"../../../../Project/MYpro2/Content/MobileStarterContent/Textures/T_Brick_Cut_Stone_N.uasset" 338
"../../../../Project/MYpro2/Content/MobileStarterContent/Materials/M_Brick_Cut_Stone.uasset" 339
"../../../../Project/MYpro2/Content/MobileStarterContent/Textures/T_Brick_Hewn_Stone_D.uasset" 340
"../../../../Project/MYpro2/Content/MobileStarterContent/Textures/T_Brick_Hewn_Stone_M.uasset" 341
"../../../../Project/MYpro2/Content/MobileStarterContent/Textures/T_Brick_Hewn_Stone_N.uasset" 342
"../../../../Project/MYpro2/Content/MobileStarterContent/Materials/M_Brick_Hewn_Stone.uasset" 343
"../../../../Project/MYpro2/Content/MobileStarterContent/Textures/T_Ceramic_Tile_M.uasset" 344
"../../../../Project/MYpro2/Content/MobileStarterContent/Textures/T_Ceramic_Tile_N.uasset" 345
"../../../../Project/MYpro2/Content/MobileStarterContent/Textures/T_Rock_Marble_Polished_D.uasset" 346
"../../../../Project/MYpro2/Content/MobileStarterContent/Materials/M_Ceramic_Tile_Checker.uasset" 347
"../../../../Project/MYpro2/Content/MobileStarterContent/Textures/T_CobbleStone_Pebble_D.uasset" 348
"../../../../Project/MYpro2/Content/MobileStarterContent/Textures/T_CobbleStone_Pebble_N.uasset" 349
"../../../../Project/MYpro2/Content/MobileStarterContent/Materials/M_CobbleStone_Pebble.uasset" 350
"../../../../Project/MYpro2/Content/MobileStarterContent/Textures/T_CobbleStone_Rough_D.uasset" 351
"../../../../Project/MYpro2/Content/MobileStarterContent/Textures/T_CobbleStone_Rough_N.uasset" 352
"../../../../Project/MYpro2/Content/MobileStarterContent/Materials/M_CobbleStone_Rough.uasset" 353
"../../../../Project/MYpro2/Content/MobileStarterContent/Textures/T_CobbleStone_Smooth_D.uasset" 354
"../../../../Project/MYpro2/Content/MobileStarterContent/Textures/T_CobbleStone_Smooth_M.uasset" 355
"../../../../Project/MYpro2/Content/MobileStarterContent/Textures/T_CobbleStone_Smooth_N.uasset" 356
"../../../../Project/MYpro2/Content/MobileStarterContent/Materials/M_CobbleStone_Smooth.uasset" 357
"../../../../Project/MYpro2/Content/MobileStarterContent/Textures/T_Concrete_Grime_D.uasset" 358
"../../../../Project/MYpro2/Content/MobileStarterContent/Textures/T_Metal_Rust_N.uasset" 359
"../../../../Project/MYpro2/Content/MobileStarterContent/Materials/M_Concrete_Grime.uasset" 360
"../../../../Project/MYpro2/Content/MobileStarterContent/Textures/T_Concrete_Panels_D.uasset" 361
"../../../../Project/MYpro2/Content/MobileStarterContent/Textures/T_Concrete_Panels_N.uasset" 362
"../../../../Project/MYpro2/Content/MobileStarterContent/Materials/M_Concrete_Panels.uasset" 363
"../../../../Project/MYpro2/Content/MobileStarterContent/Textures/T_Concrete_Poured_D.uasset" 364
"../../../../Project/MYpro2/Content/MobileStarterContent/Textures/T_Concrete_Poured_N.uasset" 365
"../../../../Project/MYpro2/Content/MobileStarterContent/Materials/M_Concrete_Poured.uasset" 366
"../../../../Project/MYpro2/Content/MobileStarterContent/Textures/T_Concrete_Tiles_D.uasset" 367
"../../../../Project/MYpro2/Content/MobileStarterContent/Textures/T_Concrete_Tiles_M.uasset" 368
"../../../../Project/MYpro2/Content/MobileStarterContent/Textures/T_Concrete_Tiles_N.uasset" 369
"../../../../Project/MYpro2/Content/MobileStarterContent/Materials/M_Concrete_Tiles.uasset" 370
"../../../../Project/MYpro2/Content/MobileStarterContent/Textures/T_Ground_Grass_D.uasset" 371
"../../../../Project/MYpro2/Content/MobileStarterContent/Textures/T_Ground_Grass_N.uasset" 372
"../../../../Project/MYpro2/Content/MobileStarterContent/Materials/M_Ground_Grass.uasset" 373
"../../../../Project/MYpro2/Content/MobileStarterContent/Textures/T_Ground_Gravel_D.uasset" 374
"../../../../Project/MYpro2/Content/MobileStarterContent/Textures/T_Ground_Gravel_N.uasset" 375
"../../../../Project/MYpro2/Content/MobileStarterContent/Materials/M_Ground_Gravel.uasset" 376
"../../../../Project/MYpro2/Content/MobileStarterContent/Textures/T_ground_Moss_D.uasset" 377
"../../../../Project/MYpro2/Content/MobileStarterContent/Textures/T_Ground_Moss_N.uasset" 378
"../../../../Project/MYpro2/Content/MobileStarterContent/Materials/M_Ground_Moss.uasset" 379
"../../../../Project/MYpro2/Content/MobileStarterContent/Textures/T_MacroVariation.uasset" 380
"../../../../Project/MYpro2/Content/MobileStarterContent/Materials/M_Metal_Brushed_Nickel.uasset" 381
"../../../../Project/MYpro2/Content/MobileStarterContent/Textures/T_Metal_Aluminum_D.uasset" 382
"../../../../Project/MYpro2/Content/MobileStarterContent/Textures/T_Metal_Gold_N.uasset" 383
"../../../../Project/MYpro2/Content/MobileStarterContent/Materials/M_Metal_Burnished_Steel.uasset" 384
"../../../../Project/MYpro2/Content/MobileStarterContent/Materials/M_Metal_Chrome.uasset" 385
"../../../../Project/MYpro2/Content/MobileStarterContent/Textures/T_Metal_Copper_D.uasset" 386
"../../../../Project/MYpro2/Content/MobileStarterContent/Materials/M_Metal_Copper.uasset" 387
"../../../../Project/MYpro2/Content/MobileStarterContent/Textures/T_Metal_Gold_D.uasset" 388
"../../../../Project/MYpro2/Content/MobileStarterContent/Materials/M_Metal_Gold.uasset" 389
"../../../../Project/MYpro2/Content/MobileStarterContent/Textures/T_Metal_Rust_D.uasset" 390
"../../../../Project/MYpro2/Content/MobileStarterContent/Materials/M_Metal_Rust.uasset" 391
"../../../../Project/MYpro2/Content/MobileStarterContent/Textures/T_Metal_Steel_D.uasset" 392
"../../../../Project/MYpro2/Content/MobileStarterContent/Textures/T_Metal_Steel_N.uasset" 393
"../../../../Project/MYpro2/Content/MobileStarterContent/Materials/M_Metal_Steel.uasset" 394
"../../../../Project/MYpro2/Content/MobileStarterContent/Textures/T_Rock_Basalt_N.uasset" 395
"../../../../Project/MYpro2/Content/MobileStarterContent/Materials/M_Rock_Basalt.uasset" 396
"../../../../Project/MYpro2/Content/MobileStarterContent/Materials/M_Rock_Marble_Polished.uasset" 397
"../../../../Project/MYpro2/Content/MobileStarterContent/Textures/T_Rock_Sandstone_D.uasset" 398
"../../../../Project/MYpro2/Content/MobileStarterContent/Textures/T_Rock_Sandstone_N.uasset" 399
"../../../../Project/MYpro2/Content/MobileStarterContent/Materials/M_Rock_Sandstone.uasset" 400
"../../../../Project/MYpro2/Content/MobileStarterContent/Textures/T_Rock_Slate_D.uasset" 401
"../../../../Project/MYpro2/Content/MobileStarterContent/Textures/T_Rock_Slate_N.uasset" 402
"../../../../Project/MYpro2/Content/MobileStarterContent/Materials/M_Rock_Slate.uasset" 403
"../../../../Project/MYpro2/Content/MobileStarterContent/Textures/T_Checker_Noise_M.uasset" 404
"../../../../Project/MYpro2/Content/MobileStarterContent/Textures/T_Single_Tile_N.uasset" 405
"../../../../Project/MYpro2/Content/MobileStarterContent/Textures/T_Tech_Dot_M.uasset" 406
"../../../../Project/MYpro2/Content/MobileStarterContent/Textures/T_Tech_Dot_N.uasset" 407
"../../../../Project/MYpro2/Content/MobileStarterContent/Materials/M_Tech_Checker_Dot.uasset" 408
"../../../../Project/MYpro2/Content/MobileStarterContent/Textures/T_Tech_Hex_Tile_M.uasset" 409
"../../../../Project/MYpro2/Content/MobileStarterContent/Textures/T_Tech_Hex_Tile_N.uasset" 410
"../../../../Project/MYpro2/Content/MobileStarterContent/Materials/M_Tech_Hex_Tile.uasset" 411
"../../../../Project/MYpro2/Content/MobileStarterContent/Materials/M_Tech_Hex_Tile_Pulse.uasset" 412
"../../../../Project/MYpro2/Content/MobileStarterContent/Textures/T_Tech_Panel_M.uasset" 413
"../../../../Project/MYpro2/Content/MobileStarterContent/Textures/T_Tech_Panel_N.uasset" 414
"../../../../Project/MYpro2/Content/MobileStarterContent/Materials/M_Tech_Panel.uasset" 415
"../../../../Project/MYpro2/Content/MobileStarterContent/Textures/T_Water_N.uasset" 416
"../../../../Project/MYpro2/Content/MobileStarterContent/Materials/M_Water_Lake.uasset" 417
"../../../../Project/MYpro2/Content/MobileStarterContent/Textures/T_Water_M.uasset" 418
"../../../../Project/MYpro2/Content/MobileStarterContent/Materials/M_Water_Ocean.uasset" 419
"../../../../Project/MYpro2/Content/MobileStarterContent/Textures/T_Wood_Floor_Walnut_D.uasset" 420
"../../../../Project/MYpro2/Content/MobileStarterContent/Textures/T_Wood_Floor_Walnut_M.uasset" 421
"../../../../Project/MYpro2/Content/MobileStarterContent/Textures/T_Wood_Floor_Walnut_N.uasset" 422
"../../../../Project/MYpro2/Content/MobileStarterContent/Materials/M_Wood_Floor_Walnut_Polished.uasset" 423
"../../../../Project/MYpro2/Content/MobileStarterContent/Materials/M_Wood_Floor_Walnut_Worn.uasset" 424
"../../../../Project/MYpro2/Content/MobileStarterContent/Textures/T_Wood_Oak_D.uasset" 425
"../../../../Project/MYpro2/Content/MobileStarterContent/Textures/T_Wood_Oak_N.uasset" 426
"../../../../Project/MYpro2/Content/MobileStarterContent/Materials/M_Wood_Oak.uasset" 427
"../../../../Project/MYpro2/Content/MobileStarterContent/Textures/T_Wood_Pine_D.uasset" 428
"../../../../Project/MYpro2/Content/MobileStarterContent/Textures/T_Wood_Pine_N.uasset" 429
"../../../../Project/MYpro2/Content/MobileStarterContent/Materials/M_Wood_Pine.uasset" 430
"../../../../Project/MYpro2/Content/MobileStarterContent/Textures/T_Wood_Walnut_D.uasset" 431
"../../../../Project/MYpro2/Content/MobileStarterContent/Textures/T_Wood_Walnut_N.uasset" 432
"../../../../Project/MYpro2/Content/MobileStarterContent/Materials/M_Wood_Walnut.uasset" 433
"../../../../Project/MYpro2/Content/MobileStarterContent/Materials/M_Basic_Floor.uasset" 434
"../../../../Project/MYpro2/Content/MobileStarterContent/Architecture/Floor_400x400.uasset" 435
"../../../../Project/MYpro2/Content/MobileStarterContent/Architecture/Wall_400x200.uasset" 436
"../../../../Project/MYpro2/Content/MobileStarterContent/Architecture/Wall_Door_400x300.uasset" 437
"../../../../Project/MYpro2/Content/MobileStarterContent/Architecture/Wall_Window_400x300.uasset" 438
"../../../../Project/MYpro2/Content/MobileStarterContent/Audio/Collapse01.uasset" 439
"../../../../Project/MYpro2/Content/MobileStarterContent/Audio/Collapse02.uasset" 440
"../../../../Project/MYpro2/Content/MobileStarterContent/Audio/Collapse_Cue.uasset" 441
"../../../../Project/MYpro2/Content/MobileStarterContent/Audio/Starter_Birds01.uasset" 442
"../../../../Project/MYpro2/Content/MobileStarterContent/Audio/Starter_Wind05.uasset" 443
"../../../../Project/MYpro2/Content/MobileStarterContent/Audio/Starter_Wind06.uasset" 444
"../../../../Project/MYpro2/Content/MobileStarterContent/Audio/Starter_Background_Cue.uasset" 445
"../../../../Project/MYpro2/Content/MobileStarterContent/Audio/Starter_Music01.uasset" 446
"../../../../Project/MYpro2/Content/MobileStarterContent/Audio/Starter_Music_Cue.uasset" 447
"../../../../Project/MYpro2/Content/MobileStarterContent/Textures/T_Dust_Particle_D.uasset" 448
"../../../../Project/MYpro2/Content/MobileStarterContent/Particles/Materials/M_Dust_Particle.uasset" 449
"../../../../Project/MYpro2/Content/MobileStarterContent/Particles/P_Ambient_Dust.uasset" 450
"../../../../Project/MYpro2/Content/MobileStarterContent/Props/MaterialSphere.uasset" 451
"../../../../Project/MYpro2/Content/MobileStarterContent/Props/SM_Chair.uasset" 452
"../../../../Project/MYpro2/Content/MobileStarterContent/Textures/T_Frame_M.uasset" 453
"../../../../Project/MYpro2/Content/MobileStarterContent/Textures/T_Frame_N.uasset" 454
"../../../../Project/MYpro2/Content/MobileStarterContent/Props/Materials/M_Frame.uasset" 455
"../../../../Project/MYpro2/Content/MobileStarterContent/Props/SM_CornerFrame.uasset" 456
"../../../../Project/MYpro2/Content/MobileStarterContent/Props/SM_DoorFrame.uasset" 457
"../../../../Project/MYpro2/Content/MobileStarterContent/Props/SM_GlassWindow.uasset" 458
"../../../../Project/MYpro2/Content/MobileStarterContent/Props/SM_PillarFrame.uasset" 459
"../../../../Project/MYpro2/Content/MobileStarterContent/Props/SM_PillarFrame300.uasset" 460
"../../../../Project/MYpro2/Content/MobileStarterContent/Textures/T_Statue_M.uasset" 461
"../../../../Project/MYpro2/Content/MobileStarterContent/Textures/T_Statue_N.uasset" 462
"../../../../Project/MYpro2/Content/MobileStarterContent/Props/Materials/M_Statue.uasset" 463
"../../../../Project/MYpro2/Content/MobileStarterContent/Props/Materials/M_StatueGlass.uasset" 464
"../../../../Project/MYpro2/Content/MobileStarterContent/Props/SM_Statue.uasset" 465
"../../../../Project/MYpro2/Content/MobileStarterContent/Textures/T_TableRound_M.uasset" 466
"../../../../Project/MYpro2/Content/MobileStarterContent/Textures/T_TableRound_N.uasset" 467
"../../../../Project/MYpro2/Content/MobileStarterContent/Props/Materials/M_TableRound.uasset" 468
"../../../../Project/MYpro2/Content/MobileStarterContent/Props/SM_TableRound.uasset" 469
"../../../../Project/MYpro2/Content/MobileStarterContent/Props/SM_WindowFrame.uasset" 470
"../../../../Project/MYpro2/Content/MobileStarterContent/Shapes/Shape_Cube.uasset" 471
"../../../../Project/MYpro2/Content/MobileStarterContent/Shapes/Shape_QuadPyramid.uasset" 472
"../../../../Project/MYpro2/Content/MobileStarterContent/Shapes/Shape_Sphere.uasset" 473
"../../../../Project/MYpro2/Content/MobileStarterContent/Maps/StarterMap.umap" 474
"../../../../Project/MYpro2/Content/MobileStarterContent/Maps/Minimal_Default_BuiltData.uasset" 475
"../../../../Project/MYpro2/Content/MobileStarterContent/Maps/Minimal_Default.umap" 476
"../../../Engine/Content/Maps/Entry_BuiltData.uasset" 477
"../../../Engine/Content/Maps/Entry.umap" 478
